<?xml version="1.0" encoding="UTF-8"?>
<!-- Generated by org.testng.reporters.JUnitReportReporter -->
<testsuite skipped="0" hostname="ITCL0VRNR" name="com.UIAutomationFinalProjectV2.UIAutomationFinalProjectV2.ShoppingCart" tests="1" failures="0" timestamp="02 Feb 2021 19:16:32 GMT" time="23.672" errors="0">
  <testcase name="AddProduct" time="23.672" classname="com.UIAutomationFinalProjectV2.UIAutomationFinalProjectV2.ShoppingCart"/>
</testsuite> <!-- com.UIAutomationFinalProjectV2.UIAutomationFinalProjectV2.ShoppingCart -->
