<?xml version="1.0" encoding="UTF-8"?>
<!-- Generated by org.testng.reporters.JUnitReportReporter -->
<testsuite skipped="0" hostname="ITCL0VRNR" name="com.UIAutomationFinalProjectV2.UIAutomationFinalProjectV2.LogoIsDisplayed" tests="1" failures="0" timestamp="02 Feb 2021 19:16:32 GMT" time="2.124" errors="0">
  <testcase name="logo" time="2.124" classname="com.UIAutomationFinalProjectV2.UIAutomationFinalProjectV2.LogoIsDisplayed"/>
</testsuite> <!-- com.UIAutomationFinalProjectV2.UIAutomationFinalProjectV2.LogoIsDisplayed -->
